<?xml version="1.0" encoding="UTF-8"?>
<testsuite name="TestSuite" time="3.026" tests="13" errors="0" skipped="11" failures="1">
  <properties>
[...]
</properties>
  <testcase name="testGoogleSearchTitle" classname="com.MySeleniumProject.Tests.GoogleTest" time="0.174"/>
  <testcase name="tearDown" classname="com.MySeleniumProject.Tests.GoogleTest" time="2.852">
    <failure message="Error communicating with the remote browser. It may have died.&#10;Build info: version: &apos;2.52.0&apos;, revision: &apos;4c2593cfc3689a7fcd7be52549167e5ccc93ad28&apos;, time: &apos;2016-02-11 11:22:43&apos;&#10;System info: host: &apos;Geetha_pc&apos;, ip: &apos;223.228.183.248&apos;, os.name: &apos;Windows 8&apos;, os.arch: &apos;amd64&apos;, os.version: &apos;6.2&apos;, java.version: &apos;1.7.0_45&apos;&#10;Driver info: driver.version: RemoteWebDriver&#10;Session ID: faaf7aadee1a785f742e5ac1c8c3da7e&#10;Capabilities [{platform=WIN8, acceptSslCerts=true, javascriptEnabled=true, browserName=chrome, chrome={userDataDir=C:\Users\Geetha\AppData\Local\Temp\scoped_dir9844_22790, chromedriverVersion=2.23.409699 (49b0fa931cda1caad0ae15b7d1b68004acd05129)}, networkConnectionEnabled=false, rotatable=false, locationContextEnabled=true, mobileEmulationEnabled=false, version=53.0.2785.116, takesHeapSnapshot=true, databaseEnabled=false, cssSelectorsEnabled=true, handlesAlerts=true, browserConnectionEnabled=false, webStorageEnabled=true, nativeEvents=true, hasTouchScreen=false, applicationCacheEnabled=false, takesScreenshot=true}]" type="org.openqa.selenium.remote.UnreachableBrowserException">org.openqa.selenium.remote.UnreachableBrowserException: Error communicating with the remote browser. It may have died.
Build info: version: '2.52.0', revision: '4c2593cfc3689a7fcd7be52549167e5ccc93ad28', time: '2016-02-11 11:22:43'
System info: host: 'Geetha_pc', ip: '223.228.183.248', os.name: 'Windows 8', os.arch: 'amd64', os.version: '6.2', java.version: '1.7.0_45'
Driver info: driver.version: RemoteWebDriver
Session ID: faaf7aadee1a785f742e5ac1c8c3da7e
Capabilities [{platform=WIN8, acceptSslCerts=true, javascriptEnabled=true, browserName=chrome, chrome={userDataDir=C:\Users\Geetha\AppData\Local\Temp\scoped_dir9844_22790, chromedriverVersion=2.23.409699 (49b0fa931cda1caad0ae15b7d1b68004acd05129)}, networkConnectionEnabled=false, rotatable=false, locationContextEnabled=true, mobileEmulationEnabled=false, version=53.0.2785.116, takesHeapSnapshot=true, databaseEnabled=false, cssSelectorsEnabled=true, handlesAlerts=true, browserConnectionEnabled=false, webStorageEnabled=true, nativeEvents=true, hasTouchScreen=false, applicationCacheEnabled=false, takesScreenshot=true}]
	at org.openqa.selenium.remote.RemoteWebDriver.execute(RemoteWebDriver.java:665)
	at org.openqa.selenium.remote.RemoteWebDriver.execute(RemoteWebDriver.java:701)
	at org.openqa.selenium.remote.RemoteWebDriver.quit(RemoteWebDriver.java:526)
	at com.MySeleniumProject.Utils.TestsBaseSetUP.tearDown(TestsBaseSetUP.java:75)
	at sun.reflect.NativeMethodAccessorImpl.invoke0(Native Method)
	at sun.reflect.NativeMethodAccessorImpl.invoke(NativeMethodAccessorImpl.java:57)
	at sun.reflect.DelegatingMethodAccessorImpl.invoke(DelegatingMethodAccessorImpl.java:43)
	at java.lang.reflect.Method.invoke(Method.java:606)
	at org.testng.internal.MethodInvocationHelper.invokeMethod(MethodInvocationHelper.java:80)
	at org.testng.internal.Invoker.invokeConfigurationMethod(Invoker.java:564)
	at org.testng.internal.Invoker.invokeConfigurations(Invoker.java:213)
	at org.testng.internal.Invoker.invokeMethod(Invoker.java:786)
	at org.testng.internal.Invoker.invokeTestMethod(Invoker.java:901)
	at org.testng.internal.Invoker.invokeTestMethods(Invoker.java:1231)
	at org.testng.internal.TestMethodWorker.invokeTestMethods(TestMethodWorker.java:127)
	at org.testng.internal.TestMethodWorker.run(TestMethodWorker.java:111)
	at java.util.concurrent.ThreadPoolExecutor.runWorker(ThreadPoolExecutor.java:1145)
	at java.util.concurrent.ThreadPoolExecutor$Worker.run(ThreadPoolExecutor.java:615)
	at java.lang.Thread.run(Thread.java:744)
Caused by: java.lang.IllegalStateException: UnixUtils may not be used on Windows
	at org.openqa.selenium.os.ProcessUtils.getProcessId(ProcessUtils.java:189)
	at org.openqa.selenium.os.UnixProcess$SeleniumWatchDog.getPID(UnixProcess.java:222)
	at org.openqa.selenium.os.UnixProcess$SeleniumWatchDog.access$300(UnixProcess.java:201)
	at org.openqa.selenium.os.UnixProcess.destroy(UnixProcess.java:132)
	at org.openqa.selenium.os.CommandLine.destroy(CommandLine.java:155)
	at org.openqa.selenium.remote.service.DriverService.stop(DriverService.java:196)
	at org.openqa.selenium.remote.service.DriverCommandExecutor.execute(DriverCommandExecutor.java:94)
	at org.openqa.selenium.remote.RemoteWebDriver.execute(RemoteWebDriver.java:644)
	at org.openqa.selenium.remote.RemoteWebDriver.execute(RemoteWebDriver.java:701)
	at org.openqa.selenium.remote.RemoteWebDriver.quit(RemoteWebDriver.java:526)
	at com.MySeleniumProject.Utils.TestsBaseSetUP.tearDown(TestsBaseSetUP.java:75)
	at sun.reflect.NativeMethodAccessorImpl.invoke0(Native Method)
	at sun.reflect.NativeMethodAccessorImpl.invoke(NativeMethodAccessorImpl.java:57)
	at sun.reflect.DelegatingMethodAccessorImpl.invoke(DelegatingMethodAccessorImpl.java:43)
	at java.lang.reflect.Method.invoke(Method.java:606)
	at org.testng.internal.MethodInvocationHelper.invokeMethod(MethodInvocationHelper.java:80)
	at org.testng.internal.Invoker.invokeConfigurationMethod(Invoker.java:564)
	at org.testng.internal.Invoker.invokeConfigurations(Invoker.java:213)
	at org.testng.internal.Invoker.invokeMethod(Invoker.java:786)
	at org.testng.internal.Invoker.invokeTestMethod(Invoker.java:901)
	at org.testng.internal.Invoker.invokeTestMethods(Invoker.java:1231)
	at org.testng.internal.TestMethodWorker.invokeTestMethods(TestMethodWorker.java:127)
	at org.testng.internal.TestMethodWorker.run(TestMethodWorker.java:111)
	at java.util.concurrent.ThreadPoolExecutor.runWorker(ThreadPoolExecutor.java:1145)
	at java.util.concurrent.ThreadPoolExecutor$Worker.run(ThreadPoolExecutor.java:615)
	at java.lang.Thread.run(Thread.java:744)
</failure>
  </testcase>
  <testcase name="tearDown" classname="com.MySeleniumProject.Tests.GoogleTest" time="0">
    <skipped/>
  </testcase>
  <testcase name="tearDown" classname="com.MySeleniumProject.Tests.GoogleTest" time="0">
    <skipped/>
  </testcase>
  <testcase name="tearDown" classname="com.MySeleniumProject.Tests.GoogleTest" time="0">
    <skipped/>
  </testcase>
  <testcase name="setUp" classname="com.MySeleniumProject.Tests.GoogleTest" time="0">
    <skipped/>
  </testcase>
  <testcase name="setUp" classname="com.MySeleniumProject.Tests.GoogleTest" time="0">
    <skipped/>
  </testcase>
  <testcase name="setUp" classname="com.MySeleniumProject.Tests.GoogleTest" time="0">
    <skipped/>
  </testcase>
  <testcase name="testGoogleSearch" classname="com.MySeleniumProject.Tests.GoogleTest" time="0">
    <skipped/>
  </testcase>
  <testcase name="testGoogleSearch" classname="com.MySeleniumProject.Tests.GoogleTest" time="0">
    <skipped/>
  </testcase>
  <testcase name="testGoogleSearch" classname="com.MySeleniumProject.Tests.GoogleTest" time="0">
    <skipped/>
  </testcase>
  <testcase name="initializeTestBaseSetup" classname="com.MySeleniumProject.Tests.GoogleTest" time="0">
    <skipped/>
  </testcase>
  <testcase name="initializeTestBaseSetup" classname="com.MySeleniumProject.Tests.GoogleTest" time="0">
    <skipped/>
  </testcase>
</testsuite>